<?xml version="1.0" encoding="UTF-8"?>
<!-- Generated by org.testng.reporters.JUnitXMLReporter -->
<testsuite hostname="path-PC" ignored="0" name="Default test" tests="1" failures="0" timestamp="18 Mar 2018 08:07:33 GMT" time="67.741" errors="0">
  <testcase name="@BeforeTest loadConfigurationFile" time="66.835" classname="com.citrix.elearng.BaseTest">
    <failure type="org.openqa.selenium.WebDriverException" message="Failed to connect to binary FirefoxBinary(C:\Program Files\Mozilla Firefox\firefox.exe) on port 7055; process output follows: 
inished startup: PluginProvider
1521360395434	addons.manager	DEBUG	Completed startup sequence
1521360403408	addons.repository	DEBUG	No addons.json found.
1521360403432	addons.manager	DEBUG	Starting provider: PreviousExperimentProvider
1521360403432	addons.manager	DEBUG	Registering shutdown blocker for PreviousExperimentProvider
1521360403432	addons.manager	DEBUG	Provider finished startup: PreviousExperimentProvider
1521360403480	addons.xpi-utils	DEBUG	XPI Database saved, setting schema version preference to 24
1521360404200	addons.xpi	INFO	Mapping fxdriver@googlecode.com to C:\Users\path\AppData\Local\Temp\anonymous5726806240863463323webdriver-profile\extensions\fxdriver@googlecode.com
1521360404200	addons.xpi	DEBUG	Ignoring file entry whose name is not a valid add-on ID: C:\Users\path\AppData\Local\Temp\anonymous5726806240863463323webdriver-profile\extensions\webdriver-staging
1521360404200	addons.xpi	DEBUG	Existing add-on fxdriver@googlecode.com in app-profile
1521360404202	addons.xpi	INFO	Mapping activity-stream@mozilla.org to C:\Program Files\Mozilla Firefox\browser\features\activity-stream@mozilla.org.xpi
1521360404202	addons.xpi	INFO	Mapping aushelper@mozilla.org to C:\Program Files\Mozilla Firefox\browser\features\aushelper@mozilla.org.xpi
1521360404202	addons.xpi	INFO	Mapping firefox@getpocket.com to C:\Program Files\Mozilla Firefox\browser\features\firefox@getpocket.com.xpi
1521360404202	addons.xpi	INFO	Mapping followonsearch@mozilla.com to C:\Program Files\Mozilla Firefox\browser\features\followonsearch@mozilla.com.xpi
1521360404202	addons.xpi	INFO	Mapping formautofill@mozilla.org to C:\Program Files\Mozilla Firefox\browser\features\formautofill@mozilla.org.xpi
1521360404202	addons.xpi	INFO	Mapping onboarding@mozilla.org to C:\Program Files\Mozilla Firefox\browser\features\onboarding@mozilla.org.xpi
1521360404202	addons.xpi	INFO	Mapping screenshots@mozilla.org to C:\Program Files\Mozilla Firefox\browser\features\screenshots@mozilla.org.xpi
1521360404202	addons.xpi	INFO	Mapping shield-recipe-client@mozilla.org to C:\Program Files\Mozilla Firefox\browser\features\shield-recipe-client@mozilla.org.xpi
1521360404204	addons.xpi	INFO	Mapping webcompat@mozilla.org to C:\Program Files\Mozilla Firefox\browser\features\webcompat@mozilla.org.xpi
1521360404204	addons.xpi	DEBUG	Existing add-on activity-stream@mozilla.org in app-system-defaults
1521360404204	addons.xpi	DEBUG	Existing add-on aushelper@mozilla.org in app-system-defaults
1521360404204	addons.xpi	DEBUG	Existing add-on firefox@getpocket.com in app-system-defaults
1521360404206	addons.xpi	DEBUG	Existing add-on followonsearch@mozilla.com in app-system-defaults
1521360404206	addons.xpi	DEBUG	Existing add-on formautofill@mozilla.org in app-system-defaults
1521360404206	addons.xpi	DEBUG	Existing add-on onboarding@mozilla.org in app-system-defaults
1521360404208	addons.xpi	DEBUG	Existing add-on screenshots@mozilla.org in app-system-defaults
1521360404208	addons.xpi	DEBUG	Existing add-on shield-recipe-client@mozilla.org in app-system-defaults
1521360404208	addons.xpi	DEBUG	Existing add-on webcompat@mozilla.org in app-system-defaults
1521360404208	addons.xpi	INFO	Mapping {972ce4c6-7e08-4474-a285-3208198ce6fd} to C:\Program Files\Mozilla Firefox\browser\extensions\{972ce4c6-7e08-4474-a285-3208198ce6fd}.xpi
1521360404210	addons.xpi	DEBUG	Existing add-on {972ce4c6-7e08-4474-a285-3208198ce6fd} in app-global
1521360404210	addons.xpi	DEBUG	getInstallState changed: false, state: {}
1521360427938	addons.productaddons	INFO	sending request to: https://aus5.mozilla.org/update/3/GMP/59.0.1/20180315233128/WINNT_x86-msvc-x86/en-US/release/Windows_NT%206.1.0.0.7600%20(x86)/default/default/update.xml
1521360430552	addons.productaddons	INFO	Completed downloading document
[Child 37392, Chrome_ChildThread] WARNING: pipe error: 109: file z:/build/build/src/ipc/chromium/src/chrome/common/ipc_channel_win.cc, line 346
[Child 37392, Chrome_ChildThread] WARNING: pipe error: 109: file z:/build/build/src/ipc/chromium/src/chrome/common/ipc_channel_win.cc, line 346

Build info: version: &amp;apos;2.53.1&amp;apos;, revision: &amp;apos;a36b8b1cd5757287168e54b817830adce9b0158d&amp;apos;, time: &amp;apos;2016-06-30 19:26:09&amp;apos;
System info: host: &amp;apos;path-PC&amp;apos;, ip: &amp;apos;172.20.10.8&amp;apos;, os.name: &amp;apos;Windows 7&amp;apos;, os.arch: &amp;apos;x86&amp;apos;, os.version: &amp;apos;6.1&amp;apos;, java.version: &amp;apos;1.8.0_121&amp;apos;
Driver info: driver.version: FirefoxDriver">
      <![CDATA[org.openqa.selenium.WebDriverException: Failed to connect to binary FirefoxBinary(C:\Program Files\Mozilla Firefox\firefox.exe) on port 7055; process output follows: 
inished startup: PluginProvider
1521360395434addons.managerDEBUGCompleted startup sequence
1521360403408addons.repositoryDEBUGNo addons.json found.
1521360403432addons.managerDEBUGStarting provider: PreviousExperimentProvider
1521360403432addons.managerDEBUGRegistering shutdown blocker for PreviousExperimentProvider
1521360403432addons.managerDEBUGProvider finished startup: PreviousExperimentProvider
1521360403480addons.xpi-utilsDEBUGXPI Database saved, setting schema version preference to 24
1521360404200addons.xpiINFOMapping fxdriver@googlecode.com to C:\Users\path\AppData\Local\Temp\anonymous5726806240863463323webdriver-profile\extensions\fxdriver@googlecode.com
1521360404200addons.xpiDEBUGIgnoring file entry whose name is not a valid add-on ID: C:\Users\path\AppData\Local\Temp\anonymous5726806240863463323webdriver-profile\extensions\webdriver-staging
1521360404200addons.xpiDEBUGExisting add-on fxdriver@googlecode.com in app-profile
1521360404202addons.xpiINFOMapping activity-stream@mozilla.org to C:\Program Files\Mozilla Firefox\browser\features\activity-stream@mozilla.org.xpi
1521360404202addons.xpiINFOMapping aushelper@mozilla.org to C:\Program Files\Mozilla Firefox\browser\features\aushelper@mozilla.org.xpi
1521360404202addons.xpiINFOMapping firefox@getpocket.com to C:\Program Files\Mozilla Firefox\browser\features\firefox@getpocket.com.xpi
1521360404202addons.xpiINFOMapping followonsearch@mozilla.com to C:\Program Files\Mozilla Firefox\browser\features\followonsearch@mozilla.com.xpi
1521360404202addons.xpiINFOMapping formautofill@mozilla.org to C:\Program Files\Mozilla Firefox\browser\features\formautofill@mozilla.org.xpi
1521360404202addons.xpiINFOMapping onboarding@mozilla.org to C:\Program Files\Mozilla Firefox\browser\features\onboarding@mozilla.org.xpi
1521360404202addons.xpiINFOMapping screenshots@mozilla.org to C:\Program Files\Mozilla Firefox\browser\features\screenshots@mozilla.org.xpi
1521360404202addons.xpiINFOMapping shield-recipe-client@mozilla.org to C:\Program Files\Mozilla Firefox\browser\features\shield-recipe-client@mozilla.org.xpi
1521360404204addons.xpiINFOMapping webcompat@mozilla.org to C:\Program Files\Mozilla Firefox\browser\features\webcompat@mozilla.org.xpi
1521360404204addons.xpiDEBUGExisting add-on activity-stream@mozilla.org in app-system-defaults
1521360404204addons.xpiDEBUGExisting add-on aushelper@mozilla.org in app-system-defaults
1521360404204addons.xpiDEBUGExisting add-on firefox@getpocket.com in app-system-defaults
1521360404206addons.xpiDEBUGExisting add-on followonsearch@mozilla.com in app-system-defaults
1521360404206addons.xpiDEBUGExisting add-on formautofill@mozilla.org in app-system-defaults
1521360404206addons.xpiDEBUGExisting add-on onboarding@mozilla.org in app-system-defaults
1521360404208addons.xpiDEBUGExisting add-on screenshots@mozilla.org in app-system-defaults
1521360404208addons.xpiDEBUGExisting add-on shield-recipe-client@mozilla.org in app-system-defaults
1521360404208addons.xpiDEBUGExisting add-on webcompat@mozilla.org in app-system-defaults
1521360404208addons.xpiINFOMapping {972ce4c6-7e08-4474-a285-3208198ce6fd} to C:\Program Files\Mozilla Firefox\browser\extensions\{972ce4c6-7e08-4474-a285-3208198ce6fd}.xpi
1521360404210addons.xpiDEBUGExisting add-on {972ce4c6-7e08-4474-a285-3208198ce6fd} in app-global
1521360404210addons.xpiDEBUGgetInstallState changed: false, state: {}
1521360427938addons.productaddonsINFOsending request to: https://aus5.mozilla.org/update/3/GMP/59.0.1/20180315233128/WINNT_x86-msvc-x86/en-US/release/Windows_NT%206.1.0.0.7600%20(x86)/default/default/update.xml
1521360430552addons.productaddonsINFOCompleted downloading document
[Child 37392, Chrome_ChildThread] WARNING: pipe error: 109: file z:/build/build/src/ipc/chromium/src/chrome/common/ipc_channel_win.cc, line 346
[Child 37392, Chrome_ChildThread] WARNING: pipe error: 109: file z:/build/build/src/ipc/chromium/src/chrome/common/ipc_channel_win.cc, line 346

Build info: version: '2.53.1', revision: 'a36b8b1cd5757287168e54b817830adce9b0158d', time: '2016-06-30 19:26:09'
System info: host: 'path-PC', ip: '172.20.10.8', os.name: 'Windows 7', os.arch: 'x86', os.version: '6.1', java.version: '1.8.0_121'
Driver info: driver.version: FirefoxDriver
at org.openqa.selenium.firefox.internal.NewProfileExtensionConnection.start(NewProfileExtensionConnection.java:125)
at org.openqa.selenium.firefox.FirefoxDriver.startClient(FirefoxDriver.java:271)
at org.openqa.selenium.remote.RemoteWebDriver.<init>(RemoteWebDriver.java:119)
at org.openqa.selenium.firefox.FirefoxDriver.<init>(FirefoxDriver.java:216)
at org.openqa.selenium.firefox.FirefoxDriver.<init>(FirefoxDriver.java:211)
at org.openqa.selenium.firefox.FirefoxDriver.<init>(FirefoxDriver.java:207)
at org.openqa.selenium.firefox.FirefoxDriver.<init>(FirefoxDriver.java:120)
at com.citrix.elearng.BaseTest.loadConfigurationFile(BaseTest.java:36)
at sun.reflect.NativeMethodAccessorImpl.invoke0(Native Method)
at sun.reflect.NativeMethodAccessorImpl.invoke(Unknown Source)
at sun.reflect.DelegatingMethodAccessorImpl.invoke(Unknown Source)
at java.lang.reflect.Method.invoke(Unknown Source)
at org.testng.internal.MethodInvocationHelper.invokeMethod(MethodInvocationHelper.java:124)
at org.testng.internal.MethodInvocationHelper.invokeMethodConsideringTimeout(MethodInvocationHelper.java:59)
at org.testng.internal.Invoker.invokeConfigurationMethod(Invoker.java:455)
at org.testng.internal.Invoker.invokeConfigurations(Invoker.java:222)
at org.testng.internal.Invoker.invokeConfigurations(Invoker.java:142)
at org.testng.TestRunner.beforeRun(TestRunner.java:529)
at org.testng.TestRunner.run(TestRunner.java:497)
at org.testng.SuiteRunner.runTest(SuiteRunner.java:455)
at org.testng.SuiteRunner.runSequentially(SuiteRunner.java:450)
at org.testng.SuiteRunner.privateRun(SuiteRunner.java:415)
at org.testng.SuiteRunner.run(SuiteRunner.java:364)
at org.testng.SuiteRunnerWorker.runSuite(SuiteRunnerWorker.java:52)
at org.testng.SuiteRunnerWorker.run(SuiteRunnerWorker.java:84)
at org.testng.TestNG.runSuitesSequentially(TestNG.java:1208)
at org.testng.TestNG.runSuitesLocally(TestNG.java:1137)
at org.testng.TestNG.runSuites(TestNG.java:1049)
at org.testng.TestNG.run(TestNG.java:1017)
at org.testng.remote.AbstractRemoteTestNG.run(AbstractRemoteTestNG.java:114)
at org.testng.remote.RemoteTestNG.initAndRun(RemoteTestNG.java:251)
at org.testng.remote.RemoteTestNG.main(RemoteTestNG.java:77)
Caused by: org.openqa.selenium.firefox.NotConnectedException: Unable to connect to host 127.0.0.1 on port 7055 after 45000 ms. Firefox console output:
inished startup: PluginProvider
1521360395434addons.managerDEBUGCompleted startup sequence
1521360403408addons.repositoryDEBUGNo addons.json found.
1521360403432addons.managerDEBUGStarting provider: PreviousExperimentProvider
1521360403432addons.managerDEBUGRegistering shutdown blocker for PreviousExperimentProvider
1521360403432addons.managerDEBUGProvider finished startup: PreviousExperimentProvider
1521360403480addons.xpi-utilsDEBUGXPI Database saved, setting schema version preference to 24
1521360404200addons.xpiINFOMapping fxdriver@googlecode.com to C:\Users\path\AppData\Local\Temp\anonymous5726806240863463323webdriver-profile\extensions\fxdriver@googlecode.com
1521360404200addons.xpiDEBUGIgnoring file entry whose name is not a valid add-on ID: C:\Users\path\AppData\Local\Temp\anonymous5726806240863463323webdriver-profile\extensions\webdriver-staging
1521360404200addons.xpiDEBUGExisting add-on fxdriver@googlecode.com in app-profile
1521360404202addons.xpiINFOMapping activity-stream@mozilla.org to C:\Program Files\Mozilla Firefox\browser\features\activity-stream@mozilla.org.xpi
1521360404202addons.xpiINFOMapping aushelper@mozilla.org to C:\Program Files\Mozilla Firefox\browser\features\aushelper@mozilla.org.xpi
1521360404202addons.xpiINFOMapping firefox@getpocket.com to C:\Program Files\Mozilla Firefox\browser\features\firefox@getpocket.com.xpi
1521360404202addons.xpiINFOMapping followonsearch@mozilla.com to C:\Program Files\Mozilla Firefox\browser\features\followonsearch@mozilla.com.xpi
1521360404202addons.xpiINFOMapping formautofill@mozilla.org to C:\Program Files\Mozilla Firefox\browser\features\formautofill@mozilla.org.xpi
1521360404202addons.xpiINFOMapping onboarding@mozilla.org to C:\Program Files\Mozilla Firefox\browser\features\onboarding@mozilla.org.xpi
1521360404202addons.xpiINFOMapping screenshots@mozilla.org to C:\Program Files\Mozilla Firefox\browser\features\screenshots@mozilla.org.xpi
1521360404202addons.xpiINFOMapping shield-recipe-client@mozilla.org to C:\Program Files\Mozilla Firefox\browser\features\shield-recipe-client@mozilla.org.xpi
1521360404204addons.xpiINFOMapping webcompat@mozilla.org to C:\Program Files\Mozilla Firefox\browser\features\webcompat@mozilla.org.xpi
1521360404204addons.xpiDEBUGExisting add-on activity-stream@mozilla.org in app-system-defaults
1521360404204addons.xpiDEBUGExisting add-on aushelper@mozilla.org in app-system-defaults
1521360404204addons.xpiDEBUGExisting add-on firefox@getpocket.com in app-system-defaults
1521360404206addons.xpiDEBUGExisting add-on followonsearch@mozilla.com in app-system-defaults
1521360404206addons.xpiDEBUGExisting add-on formautofill@mozilla.org in app-system-defaults
1521360404206addons.xpiDEBUGExisting add-on onboarding@mozilla.org in app-system-defaults
1521360404208addons.xpiDEBUGExisting add-on screenshots@mozilla.org in app-system-defaults
1521360404208addons.xpiDEBUGExisting add-on shield-recipe-client@mozilla.org in app-system-defaults
1521360404208addons.xpiDEBUGExisting add-on webcompat@mozilla.org in app-system-defaults
1521360404208addons.xpiINFOMapping {972ce4c6-7e08-4474-a285-3208198ce6fd} to C:\Program Files\Mozilla Firefox\browser\extensions\{972ce4c6-7e08-4474-a285-3208198ce6fd}.xpi
1521360404210addons.xpiDEBUGExisting add-on {972ce4c6-7e08-4474-a285-3208198ce6fd} in app-global
1521360404210addons.xpiDEBUGgetInstallState changed: false, state: {}
1521360427938addons.productaddonsINFOsending request to: https://aus5.mozilla.org/update/3/GMP/59.0.1/20180315233128/WINNT_x86-msvc-x86/en-US/release/Windows_NT%206.1.0.0.7600%20(x86)/default/default/update.xml
1521360430552addons.productaddonsINFOCompleted downloading document
[Child 37392, Chrome_ChildThread] WARNING: pipe error: 109: file z:/build/build/src/ipc/chromium/src/chrome/common/ipc_channel_win.cc, line 346
[Child 37392, Chrome_ChildThread] WARNING: pipe error: 109: file z:/build/build/src/ipc/chromium/src/chrome/common/ipc_channel_win.cc, line 346

at org.openqa.selenium.firefox.internal.NewProfileExtensionConnection.start(NewProfileExtensionConnection.java:113)
... 31 more
]]>
    </failure>
  </testcase> <!-- @BeforeTest loadConfigurationFile -->
  <testcase name="navigateToMenu" time="0.0" classname="com.citrix.elearng.WelcomeTest">
    <skipped/>
  </testcase> <!-- navigateToMenu -->
</testsuite> <!-- Default test -->
