<?xml version="1.0" encoding="UTF-8"?>
<testng-results skipped="0" failed="0" ignored="0" total="1" passed="1">
  <reporter-output>
  </reporter-output>
  <suite name="Default suite" duration-ms="11031" started-at="2018-03-21T13:02:00Z" finished-at="2018-03-21T13:02:11Z">
    <groups>
    </groups>
    <test name="Default test" duration-ms="11031" started-at="2018-03-21T13:02:00Z" finished-at="2018-03-21T13:02:11Z">
      <class name="com.citrix.elearng.WelcomeTest">
        <test-method status="PASS" signature="loadConfigurationFile()[pri:0, instance:com.citrix.elearng.WelcomeTest@5bcea91b]" name="loadConfigurationFile" is-config="true" duration-ms="3334" started-at="2018-03-21T18:32:00Z" finished-at="2018-03-21T18:32:03Z">
          <reporter-output>
          </reporter-output>
        </test-method> <!-- loadConfigurationFile -->
        <test-method status="PASS" signature="navigateToMenu()[pri:0, instance:com.citrix.elearng.WelcomeTest@5bcea91b]" name="navigateToMenu" duration-ms="6535" started-at="2018-03-21T18:32:03Z" finished-at="2018-03-21T18:32:10Z">
          <reporter-output>
          </reporter-output>
        </test-method> <!-- navigateToMenu -->
        <test-method status="PASS" signature="quit()[pri:0, instance:com.citrix.elearng.WelcomeTest@5bcea91b]" name="quit" is-config="true" duration-ms="1125" started-at="2018-03-21T18:32:10Z" finished-at="2018-03-21T18:32:11Z">
          <reporter-output>
          </reporter-output>
        </test-method> <!-- quit -->
      </class> <!-- com.citrix.elearng.WelcomeTest -->
    </test> <!-- Default test -->
  </suite> <!-- Default suite -->
</testng-results>
